2019-11-04 12:41 +08:00: > Using external babel configuration
2019-11-04 12:41 +08:00: > Location: "D:\proM\baiduyun\20191024\react-next.js-koa2\.babelrc"
2019-11-04 12:41 +08:00: [ ready ] compiled successfully
2019-11-04 12:41 +08:00: [ wait ]  compiling ...
2019-11-04 12:41 +08:00: [ ready ] compiled successfully
2019-11-04 12:49 +08:00: [ event ] build page: /
2019-11-04 12:49 +08:00: [ wait ]  compiling ...
2019-11-04 12:49 +08:00: [ ready ] compiled successfully
2019-11-04 12:49 +08:00: [ wait ]  compiling ...
2019-11-04 12:49 +08:00: app init
2019-11-04 12:49 +08:00: [ ready ] compiled successfully
2019-11-04 12:50 +08:00: app init
2019-11-04 12:52 +08:00: [ event ] build page: /detail
2019-11-04 12:52 +08:00: [ wait ]  compiling ...
2019-11-04 12:53 +08:00: [ ready ] compiled successfully
2019-11-04 12:53 +08:00: ============= ctx request body =================
2019-11-04 12:53 +08:00: {}
2019-11-04 12:53 +08:00: ============= ctx request body =================
2019-11-04 12:53 +08:00: ============= ctx request body =================
2019-11-04 12:53 +08:00: {}
2019-11-04 12:53 +08:00: ============= ctx request body =================
2019-11-04 12:53 +08:00: app init
2019-11-04 12:53 +08:00: [ event ] build page: /detail/issues
2019-11-04 12:53 +08:00: [ wait ]  compiling ...
2019-11-04 12:53 +08:00: [ ready ] compiled successfully
2019-11-04 12:53 +08:00: ============= ctx request body =================
2019-11-04 12:53 +08:00: {}
2019-11-04 12:53 +08:00: ============= ctx request body =================
2019-11-04 12:53 +08:00: ============= ctx request body =================
2019-11-04 12:53 +08:00: {}
2019-11-04 12:53 +08:00: ============= ctx request body =================
2019-11-04 12:53 +08:00: ============= ctx request body =================
2019-11-04 12:53 +08:00: {}
2019-11-04 12:53 +08:00: ============= ctx request body =================
2019-11-04 12:53 +08:00: ============= ctx request body =================
2019-11-04 12:53 +08:00: {}
2019-11-04 12:53 +08:00: ============= ctx request body =================
2019-11-04 12:54 +08:00: [ event ] disposing inactive page(s): /
2019-11-04 12:54 +08:00: [ event ] build page: /
2019-11-04 12:54 +08:00: [ wait ]  compiling ...
2019-11-04 12:54 +08:00: [ ready ] compiled successfully
2019-11-04 12:54 +08:00: ============= ctx request body =================
2019-11-04 12:54 +08:00: {}
2019-11-04 12:54 +08:00: ============= ctx request body =================
2019-11-04 12:55 +08:00: app init
2019-11-04 12:55 +08:00: [ event ] disposing inactive page(s): /
2019-11-04 12:55 +08:00: [ event ] build page: /
2019-11-04 12:55 +08:00: [ wait ]  compiling ...
2019-11-04 12:55 +08:00: [ ready ] compiled successfully
2019-11-04 12:56 +08:00: app init
2019-11-04 12:56 +08:00: [ event ] disposing inactive page(s): /detail
