2019-11-04 12:40 +08:00: > Using external babel configuration
2019-11-04 12:40 +08:00: > Location: "D:\proM\baiduyun\20191024\react-next.js-koa2\.babelrc"
2019-11-04 12:40 +08:00: [ ready ] compiled successfully
2019-11-04 12:40 +08:00: [ wait ]  compiling ...
2019-11-04 12:41 +08:00: [ ready ] compiled successfully
2019-11-04 15:00 +08:00: > Using external babel configuration
2019-11-04 15:00 +08:00: > Location: "D:\proM\baiduyun\20191024\react-next.js-koa2\.babelrc"
2019-11-04 15:01 +08:00: [ ready ] compiled successfully
2019-11-04 15:01 +08:00: [ wait ]  compiling ...
2019-11-04 15:01 +08:00: > Using external babel configuration
2019-11-04 15:01 +08:00: > Location: "D:\proM\baiduyun\20191024\react-next.js-koa2\.babelrc"
2019-11-04 15:01 +08:00: [ ready ] compiled successfully
2019-11-04 15:01 +08:00: [ wait ]  compiling ...
2019-11-04 15:01 +08:00: > Using external babel configuration
2019-11-04 15:01 +08:00: > Location: "D:\proM\baiduyun\20191024\react-next.js-koa2\.babelrc"
2019-11-04 15:01 +08:00: [ ready ] compiled successfully
2019-11-04 15:01 +08:00: [ wait ]  compiling ...
2019-11-04 15:01 +08:00: > Using external babel configuration
2019-11-04 15:01 +08:00: > Location: "D:\proM\baiduyun\20191024\react-next.js-koa2\.babelrc"
2019-11-04 15:01 +08:00: [ ready ] compiled successfully
2019-11-04 15:01 +08:00: [ wait ]  compiling ...
2019-11-04 15:02 +08:00: > Using external babel configuration
2019-11-04 15:02 +08:00: > Location: "D:\proM\baiduyun\20191024\react-next.js-koa2\.babelrc"
2019-11-04 15:02 +08:00: [ ready ] compiled successfully
2019-11-04 15:02 +08:00: [ wait ]  compiling ...
2019-11-04 15:02 +08:00: > Using external babel configuration
2019-11-04 15:02 +08:00: > Location: "D:\proM\baiduyun\20191024\react-next.js-koa2\.babelrc"
2019-11-04 15:02 +08:00: [ ready ] compiled successfully
2019-11-04 15:02 +08:00: [ wait ]  compiling ...
2019-11-04 15:02 +08:00: > Using external babel configuration
2019-11-04 15:02 +08:00: > Location: "D:\proM\baiduyun\20191024\react-next.js-koa2\.babelrc"
2019-11-04 15:02 +08:00: [ ready ] compiled successfully
2019-11-04 15:02 +08:00: [ wait ]  compiling ...
2019-11-04 15:02 +08:00: > Using external babel configuration
2019-11-04 15:02 +08:00: > Location: "D:\proM\baiduyun\20191024\react-next.js-koa2\.babelrc"
2019-11-04 15:02 +08:00: [ ready ] compiled successfully
2019-11-04 15:02 +08:00: [ wait ]  compiling ...
2019-11-04 15:03 +08:00: > Using external babel configuration
2019-11-04 15:03 +08:00: > Location: "D:\proM\baiduyun\20191024\react-next.js-koa2\.babelrc"
2019-11-04 15:03 +08:00: [ ready ] compiled successfully
2019-11-04 15:03 +08:00: [ wait ]  compiling ...
2019-11-04 15:03 +08:00: > Using external babel configuration
2019-11-04 15:03 +08:00: > Location: "D:\proM\baiduyun\20191024\react-next.js-koa2\.babelrc"
2019-11-04 15:03 +08:00: [ ready ] compiled successfully
2019-11-04 15:03 +08:00: [ wait ]  compiling ...
2019-11-04 15:03 +08:00: > Using external babel configuration
2019-11-04 15:03 +08:00: > Location: "D:\proM\baiduyun\20191024\react-next.js-koa2\.babelrc"
2019-11-04 15:03 +08:00: [ ready ] compiled successfully
2019-11-04 15:03 +08:00: [ wait ]  compiling ...
2019-11-04 15:03 +08:00: > Using external babel configuration
2019-11-04 15:03 +08:00: > Location: "D:\proM\baiduyun\20191024\react-next.js-koa2\.babelrc"
2019-11-04 15:04 +08:00: [ ready ] compiled successfully
2019-11-04 15:04 +08:00: [ wait ]  compiling ...
2019-11-04 15:04 +08:00: > Using external babel configuration
2019-11-04 15:04 +08:00: > Location: "D:\proM\baiduyun\20191024\react-next.js-koa2\.babelrc"
2019-11-04 15:04 +08:00: [ ready ] compiled successfully
2019-11-04 15:04 +08:00: [ wait ]  compiling ...
2019-11-04 15:04 +08:00: > Using external babel configuration
2019-11-04 15:04 +08:00: > Location: "D:\proM\baiduyun\20191024\react-next.js-koa2\.babelrc"
2019-11-04 15:04 +08:00: [ ready ] compiled successfully
2019-11-04 15:04 +08:00: [ wait ]  compiling ...
2019-11-04 15:04 +08:00: > Using external babel configuration
2019-11-04 15:04 +08:00: > Location: "D:\proM\baiduyun\20191024\react-next.js-koa2\.babelrc"
2019-11-04 15:04 +08:00: [ ready ] compiled successfully
2019-11-04 15:04 +08:00: [ wait ]  compiling ...
2019-11-04 15:05 +08:00: > Using external babel configuration
2019-11-04 15:05 +08:00: > Location: "D:\proM\baiduyun\20191024\react-next.js-koa2\.babelrc"
2019-11-04 15:05 +08:00: [ ready ] compiled successfully
2019-11-04 15:05 +08:00: [ wait ]  compiling ...
2019-11-04 15:05 +08:00: > Using external babel configuration
2019-11-04 15:05 +08:00: > Location: "D:\proM\baiduyun\20191024\react-next.js-koa2\.babelrc"
2019-11-04 15:05 +08:00: [ ready ] compiled successfully
2019-11-04 15:05 +08:00: [ wait ]  compiling ...
2019-11-04 15:05 +08:00: > Using external babel configuration
2019-11-04 15:05 +08:00: > Location: "D:\proM\baiduyun\20191024\react-next.js-koa2\.babelrc"
2019-11-04 15:05 +08:00: [ ready ] compiled successfully
2019-11-04 15:05 +08:00: [ wait ]  compiling ...
2019-11-04 15:06 +08:00: > Using external babel configuration
2019-11-04 15:06 +08:00: > Location: "D:\proM\baiduyun\20191024\react-next.js-koa2\.babelrc"
2019-11-04 15:06 +08:00: [ ready ] compiled successfully
2019-11-04 15:06 +08:00: [ wait ]  compiling ...
2019-11-04 15:06 +08:00: > Using external babel configuration
2019-11-04 15:06 +08:00: > Location: "D:\proM\baiduyun\20191024\react-next.js-koa2\.babelrc"
2019-11-04 15:06 +08:00: [ ready ] compiled successfully
2019-11-04 15:06 +08:00: [ wait ]  compiling ...
2019-11-04 15:06 +08:00: > Using external babel configuration
2019-11-04 15:06 +08:00: > Location: "D:\proM\baiduyun\20191024\react-next.js-koa2\.babelrc"
2019-11-04 15:06 +08:00: [ ready ] compiled successfully
2019-11-04 15:06 +08:00: [ wait ]  compiling ...
2019-11-04 15:07 +08:00: > Using external babel configuration
2019-11-04 15:07 +08:00: > Location: "D:\proM\baiduyun\20191024\react-next.js-koa2\.babelrc"
2019-11-04 15:07 +08:00: [ ready ] compiled successfully
2019-11-04 15:07 +08:00: [ wait ]  compiling ...
2019-11-04 15:07 +08:00: > Using external babel configuration
2019-11-04 15:07 +08:00: > Location: "D:\proM\baiduyun\20191024\react-next.js-koa2\.babelrc"
2019-11-04 15:07 +08:00: [ ready ] compiled successfully
2019-11-04 15:07 +08:00: [ wait ]  compiling ...
2019-11-04 15:07 +08:00: > Using external babel configuration
2019-11-04 15:07 +08:00: > Location: "D:\proM\baiduyun\20191024\react-next.js-koa2\.babelrc"
2019-11-04 15:07 +08:00: [ ready ] compiled successfully
2019-11-04 15:07 +08:00: [ wait ]  compiling ...
2019-11-04 15:08 +08:00: > Using external babel configuration
2019-11-04 15:08 +08:00: > Location: "D:\proM\baiduyun\20191024\react-next.js-koa2\.babelrc"
2019-11-04 15:08 +08:00: [ ready ] compiled successfully
2019-11-04 15:08 +08:00: [ wait ]  compiling ...
2019-11-04 15:08 +08:00: > Using external babel configuration
2019-11-04 15:08 +08:00: > Location: "D:\proM\baiduyun\20191024\react-next.js-koa2\.babelrc"
2019-11-04 15:08 +08:00: [ ready ] compiled successfully
2019-11-04 15:08 +08:00: [ wait ]  compiling ...
2019-11-04 15:08 +08:00: > Using external babel configuration
2019-11-04 15:08 +08:00: > Location: "D:\proM\baiduyun\20191024\react-next.js-koa2\.babelrc"
2019-11-04 15:08 +08:00: [ ready ] compiled successfully
2019-11-04 15:08 +08:00: [ wait ]  compiling ...
2019-11-04 15:09 +08:00: > Using external babel configuration
2019-11-04 15:09 +08:00: > Location: "D:\proM\baiduyun\20191024\react-next.js-koa2\.babelrc"
2019-11-04 15:09 +08:00: [ ready ] compiled successfully
2019-11-04 15:09 +08:00: [ wait ]  compiling ...
2019-11-04 15:09 +08:00: > Using external babel configuration
2019-11-04 15:09 +08:00: > Location: "D:\proM\baiduyun\20191024\react-next.js-koa2\.babelrc"
2019-11-04 15:09 +08:00: [ ready ] compiled successfully
2019-11-04 15:09 +08:00: [ wait ]  compiling ...
2019-11-04 15:09 +08:00: > Using external babel configuration
2019-11-04 15:09 +08:00: > Location: "D:\proM\baiduyun\20191024\react-next.js-koa2\.babelrc"
2019-11-04 15:09 +08:00: [ ready ] compiled successfully
2019-11-04 15:09 +08:00: [ wait ]  compiling ...
2019-11-04 15:09 +08:00: > Using external babel configuration
2019-11-04 15:09 +08:00: > Location: "D:\proM\baiduyun\20191024\react-next.js-koa2\.babelrc"
2019-11-04 15:10 +08:00: [ ready ] compiled successfully
2019-11-04 15:10 +08:00: [ wait ]  compiling ...
2019-11-04 15:10 +08:00: > Using external babel configuration
2019-11-04 15:10 +08:00: > Location: "D:\proM\baiduyun\20191024\react-next.js-koa2\.babelrc"
2019-11-04 15:10 +08:00: [ ready ] compiled successfully
2019-11-04 15:10 +08:00: [ wait ]  compiling ...
2019-11-04 15:10 +08:00: > Using external babel configuration
2019-11-04 15:10 +08:00: > Location: "D:\proM\baiduyun\20191024\react-next.js-koa2\.babelrc"
2019-11-04 15:10 +08:00: [ ready ] compiled successfully
2019-11-04 15:10 +08:00: [ wait ]  compiling ...
2019-11-04 15:10 +08:00: > Using external babel configuration
2019-11-04 15:10 +08:00: > Location: "D:\proM\baiduyun\20191024\react-next.js-koa2\.babelrc"
2019-11-04 15:10 +08:00: [ ready ] compiled successfully
2019-11-04 15:10 +08:00: [ wait ]  compiling ...
2019-11-04 15:11 +08:00: > Using external babel configuration
2019-11-04 15:11 +08:00: > Location: "D:\proM\baiduyun\20191024\react-next.js-koa2\.babelrc"
2019-11-04 15:11 +08:00: [ ready ] compiled successfully
2019-11-04 15:11 +08:00: [ wait ]  compiling ...
2019-11-04 15:11 +08:00: > Using external babel configuration
2019-11-04 15:11 +08:00: > Location: "D:\proM\baiduyun\20191024\react-next.js-koa2\.babelrc"
2019-11-04 15:11 +08:00: [ ready ] compiled successfully
2019-11-04 15:11 +08:00: [ wait ]  compiling ...
2019-11-04 15:11 +08:00: > Using external babel configuration
2019-11-04 15:11 +08:00: > Location: "D:\proM\baiduyun\20191024\react-next.js-koa2\.babelrc"
2019-11-04 15:11 +08:00: [ ready ] compiled successfully
2019-11-04 15:11 +08:00: [ wait ]  compiling ...
2019-11-04 15:11 +08:00: > Using external babel configuration
2019-11-04 15:11 +08:00: > Location: "D:\proM\baiduyun\20191024\react-next.js-koa2\.babelrc"
2019-11-04 15:12 +08:00: [ ready ] compiled successfully
2019-11-04 15:12 +08:00: [ wait ]  compiling ...
2019-11-04 15:12 +08:00: > Using external babel configuration
2019-11-04 15:12 +08:00: > Location: "D:\proM\baiduyun\20191024\react-next.js-koa2\.babelrc"
2019-11-04 15:12 +08:00: [ ready ] compiled successfully
2019-11-04 15:12 +08:00: [ wait ]  compiling ...
2019-11-04 15:12 +08:00: > Using external babel configuration
2019-11-04 15:12 +08:00: > Location: "D:\proM\baiduyun\20191024\react-next.js-koa2\.babelrc"
2019-11-04 15:12 +08:00: [ ready ] compiled successfully
2019-11-04 15:12 +08:00: [ wait ]  compiling ...
2019-11-04 15:12 +08:00: > Using external babel configuration
2019-11-04 15:12 +08:00: > Location: "D:\proM\baiduyun\20191024\react-next.js-koa2\.babelrc"
2019-11-04 15:12 +08:00: [ ready ] compiled successfully
2019-11-04 15:12 +08:00: [ wait ]  compiling ...
2019-11-04 15:13 +08:00: > Using external babel configuration
2019-11-04 15:13 +08:00: > Location: "D:\proM\baiduyun\20191024\react-next.js-koa2\.babelrc"
2019-11-04 15:13 +08:00: [ ready ] compiled successfully
2019-11-04 15:13 +08:00: [ wait ]  compiling ...
2019-11-04 15:13 +08:00: > Using external babel configuration
2019-11-04 15:13 +08:00: > Location: "D:\proM\baiduyun\20191024\react-next.js-koa2\.babelrc"
2019-11-04 15:13 +08:00: [ ready ] compiled successfully
2019-11-04 15:13 +08:00: [ wait ]  compiling ...
2019-11-04 15:13 +08:00: > Using external babel configuration
2019-11-04 15:13 +08:00: > Location: "D:\proM\baiduyun\20191024\react-next.js-koa2\.babelrc"
2019-11-04 15:13 +08:00: [ ready ] compiled successfully
2019-11-04 15:13 +08:00: [ wait ]  compiling ...
2019-11-04 15:13 +08:00: > Using external babel configuration
2019-11-04 15:13 +08:00: > Location: "D:\proM\baiduyun\20191024\react-next.js-koa2\.babelrc"
2019-11-04 15:14 +08:00: [ ready ] compiled successfully
2019-11-04 15:14 +08:00: [ wait ]  compiling ...
2019-11-04 15:14 +08:00: > Using external babel configuration
2019-11-04 15:14 +08:00: > Location: "D:\proM\baiduyun\20191024\react-next.js-koa2\.babelrc"
2019-11-04 15:14 +08:00: [ ready ] compiled successfully
2019-11-04 15:14 +08:00: [ wait ]  compiling ...
2019-11-04 15:14 +08:00: > Using external babel configuration
2019-11-04 15:14 +08:00: > Location: "D:\proM\baiduyun\20191024\react-next.js-koa2\.babelrc"
2019-11-04 15:14 +08:00: [ ready ] compiled successfully
2019-11-04 15:14 +08:00: [ wait ]  compiling ...
2019-11-04 15:14 +08:00: > Using external babel configuration
2019-11-04 15:14 +08:00: > Location: "D:\proM\baiduyun\20191024\react-next.js-koa2\.babelrc"
2019-11-04 15:14 +08:00: [ ready ] compiled successfully
2019-11-04 15:14 +08:00: [ wait ]  compiling ...
2019-11-04 15:14 +08:00: > Using external babel configuration
2019-11-04 15:14 +08:00: > Location: "D:\proM\baiduyun\20191024\react-next.js-koa2\.babelrc"
2019-11-04 15:15 +08:00: [ ready ] compiled successfully
2019-11-04 15:15 +08:00: [ wait ]  compiling ...
2019-11-04 15:15 +08:00: > Using external babel configuration
2019-11-04 15:15 +08:00: > Location: "D:\proM\baiduyun\20191024\react-next.js-koa2\.babelrc"
2019-11-04 15:15 +08:00: [ ready ] compiled successfully
2019-11-04 15:15 +08:00: [ wait ]  compiling ...
2019-11-04 15:15 +08:00: > Using external babel configuration
2019-11-04 15:15 +08:00: > Location: "D:\proM\baiduyun\20191024\react-next.js-koa2\.babelrc"
2019-11-04 15:15 +08:00: [ ready ] compiled successfully
2019-11-04 15:15 +08:00: [ wait ]  compiling ...
2019-11-04 15:15 +08:00: > Using external babel configuration
2019-11-04 15:15 +08:00: > Location: "D:\proM\baiduyun\20191024\react-next.js-koa2\.babelrc"
2019-11-04 15:15 +08:00: [ ready ] compiled successfully
2019-11-04 15:15 +08:00: [ wait ]  compiling ...
2019-11-04 15:16 +08:00: > Using external babel configuration
2019-11-04 15:16 +08:00: > Location: "D:\proM\baiduyun\20191024\react-next.js-koa2\.babelrc"
2019-11-04 15:16 +08:00: [ ready ] compiled successfully
2019-11-04 15:16 +08:00: [ wait ]  compiling ...
2019-11-04 15:16 +08:00: > Using external babel configuration
2019-11-04 15:16 +08:00: > Location: "D:\proM\baiduyun\20191024\react-next.js-koa2\.babelrc"
2019-11-04 15:16 +08:00: [ ready ] compiled successfully
2019-11-04 15:16 +08:00: [ wait ]  compiling ...
2019-11-04 15:16 +08:00: > Using external babel configuration
2019-11-04 15:16 +08:00: > Location: "D:\proM\baiduyun\20191024\react-next.js-koa2\.babelrc"
2019-11-04 15:16 +08:00: [ ready ] compiled successfully
2019-11-04 15:16 +08:00: [ wait ]  compiling ...
2019-11-04 15:16 +08:00: > Using external babel configuration
2019-11-04 15:16 +08:00: > Location: "D:\proM\baiduyun\20191024\react-next.js-koa2\.babelrc"
2019-11-04 15:16 +08:00: [ ready ] compiled successfully
2019-11-04 15:16 +08:00: [ wait ]  compiling ...
2019-11-04 15:17 +08:00: > Using external babel configuration
2019-11-04 15:17 +08:00: > Location: "D:\proM\baiduyun\20191024\react-next.js-koa2\.babelrc"
2019-11-04 15:17 +08:00: [ ready ] compiled successfully
2019-11-04 15:17 +08:00: [ wait ]  compiling ...
2019-11-04 15:17 +08:00: > Using external babel configuration
2019-11-04 15:17 +08:00: > Location: "D:\proM\baiduyun\20191024\react-next.js-koa2\.babelrc"
2019-11-04 15:17 +08:00: [ ready ] compiled successfully
2019-11-04 15:17 +08:00: [ wait ]  compiling ...
2019-11-04 15:17 +08:00: > Using external babel configuration
2019-11-04 15:17 +08:00: > Location: "D:\proM\baiduyun\20191024\react-next.js-koa2\.babelrc"
2019-11-04 15:17 +08:00: [ ready ] compiled successfully
2019-11-04 15:17 +08:00: [ wait ]  compiling ...
2019-11-04 15:17 +08:00: > Using external babel configuration
2019-11-04 15:17 +08:00: > Location: "D:\proM\baiduyun\20191024\react-next.js-koa2\.babelrc"
2019-11-04 15:18 +08:00: [ ready ] compiled successfully
2019-11-04 15:18 +08:00: [ wait ]  compiling ...
2019-11-04 15:18 +08:00: > Using external babel configuration
2019-11-04 15:18 +08:00: > Location: "D:\proM\baiduyun\20191024\react-next.js-koa2\.babelrc"
2019-11-04 15:18 +08:00: [ ready ] compiled successfully
2019-11-04 15:18 +08:00: [ wait ]  compiling ...
2019-11-04 15:18 +08:00: > Using external babel configuration
2019-11-04 15:18 +08:00: > Location: "D:\proM\baiduyun\20191024\react-next.js-koa2\.babelrc"
2019-11-04 15:18 +08:00: [ ready ] compiled successfully
2019-11-04 15:18 +08:00: [ wait ]  compiling ...
2019-11-04 15:18 +08:00: > Using external babel configuration
2019-11-04 15:18 +08:00: > Location: "D:\proM\baiduyun\20191024\react-next.js-koa2\.babelrc"
2019-11-04 15:18 +08:00: [ ready ] compiled successfully
2019-11-04 15:18 +08:00: [ wait ]  compiling ...
2019-11-04 15:19 +08:00: > Using external babel configuration
2019-11-04 15:19 +08:00: > Location: "D:\proM\baiduyun\20191024\react-next.js-koa2\.babelrc"
2019-11-04 15:19 +08:00: [ ready ] compiled successfully
2019-11-04 15:19 +08:00: [ wait ]  compiling ...
2019-11-04 15:19 +08:00: > Using external babel configuration
2019-11-04 15:19 +08:00: > Location: "D:\proM\baiduyun\20191024\react-next.js-koa2\.babelrc"
2019-11-04 15:19 +08:00: [ ready ] compiled successfully
2019-11-04 15:19 +08:00: [ wait ]  compiling ...
2019-11-04 15:19 +08:00: > Using external babel configuration
2019-11-04 15:19 +08:00: > Location: "D:\proM\baiduyun\20191024\react-next.js-koa2\.babelrc"
2019-11-04 15:19 +08:00: [ ready ] compiled successfully
2019-11-04 15:19 +08:00: [ wait ]  compiling ...
2019-11-04 15:19 +08:00: > Using external babel configuration
2019-11-04 15:19 +08:00: > Location: "D:\proM\baiduyun\20191024\react-next.js-koa2\.babelrc"
2019-11-04 15:20 +08:00: [ ready ] compiled successfully
2019-11-04 15:20 +08:00: [ wait ]  compiling ...
2019-11-04 15:20 +08:00: > Using external babel configuration
2019-11-04 15:20 +08:00: > Location: "D:\proM\baiduyun\20191024\react-next.js-koa2\.babelrc"
2019-11-04 15:20 +08:00: [ ready ] compiled successfully
2019-11-04 15:20 +08:00: [ wait ]  compiling ...
2019-11-04 15:20 +08:00: > Using external babel configuration
2019-11-04 15:20 +08:00: > Location: "D:\proM\baiduyun\20191024\react-next.js-koa2\.babelrc"
2019-11-04 15:20 +08:00: [ ready ] compiled successfully
2019-11-04 15:20 +08:00: [ wait ]  compiling ...
2019-11-04 15:20 +08:00: > Using external babel configuration
2019-11-04 15:20 +08:00: > Location: "D:\proM\baiduyun\20191024\react-next.js-koa2\.babelrc"
2019-11-04 15:21 +08:00: [ ready ] compiled successfully
2019-11-04 15:21 +08:00: [ wait ]  compiling ...
2019-11-04 15:21 +08:00: > Using external babel configuration
2019-11-04 15:21 +08:00: > Location: "D:\proM\baiduyun\20191024\react-next.js-koa2\.babelrc"
2019-11-04 15:21 +08:00: [ ready ] compiled successfully
2019-11-04 15:21 +08:00: [ wait ]  compiling ...
2019-11-04 15:21 +08:00: > Using external babel configuration
2019-11-04 15:21 +08:00: > Location: "D:\proM\baiduyun\20191024\react-next.js-koa2\.babelrc"
2019-11-04 15:21 +08:00: [ ready ] compiled successfully
2019-11-04 15:21 +08:00: [ wait ]  compiling ...
2019-11-04 15:21 +08:00: > Using external babel configuration
2019-11-04 15:21 +08:00: > Location: "D:\proM\baiduyun\20191024\react-next.js-koa2\.babelrc"
2019-11-04 15:21 +08:00: [ ready ] compiled successfully
2019-11-04 15:21 +08:00: [ wait ]  compiling ...
2019-11-04 15:22 +08:00: > Using external babel configuration
2019-11-04 15:22 +08:00: > Location: "D:\proM\baiduyun\20191024\react-next.js-koa2\.babelrc"
2019-11-04 15:22 +08:00: [ ready ] compiled successfully
2019-11-04 15:22 +08:00: [ wait ]  compiling ...
2019-11-04 15:22 +08:00: > Using external babel configuration
2019-11-04 15:22 +08:00: > Location: "D:\proM\baiduyun\20191024\react-next.js-koa2\.babelrc"
2019-11-04 15:22 +08:00: [ ready ] compiled successfully
2019-11-04 15:22 +08:00: [ wait ]  compiling ...
2019-11-04 15:22 +08:00: > Using external babel configuration
2019-11-04 15:22 +08:00: > Location: "D:\proM\baiduyun\20191024\react-next.js-koa2\.babelrc"
2019-11-04 15:22 +08:00: [ ready ] compiled successfully
2019-11-04 15:22 +08:00: [ wait ]  compiling ...
2019-11-04 15:22 +08:00: > Using external babel configuration
2019-11-04 15:22 +08:00: > Location: "D:\proM\baiduyun\20191024\react-next.js-koa2\.babelrc"
2019-11-04 15:23 +08:00: [ ready ] compiled successfully
2019-11-04 15:23 +08:00: [ wait ]  compiling ...
2019-11-04 15:23 +08:00: > Using external babel configuration
2019-11-04 15:23 +08:00: > Location: "D:\proM\baiduyun\20191024\react-next.js-koa2\.babelrc"
2019-11-04 15:23 +08:00: [ ready ] compiled successfully
2019-11-04 15:23 +08:00: [ wait ]  compiling ...
2019-11-04 15:23 +08:00: > Using external babel configuration
2019-11-04 15:23 +08:00: > Location: "D:\proM\baiduyun\20191024\react-next.js-koa2\.babelrc"
2019-11-04 15:23 +08:00: [ ready ] compiled successfully
2019-11-04 15:23 +08:00: [ wait ]  compiling ...
2019-11-04 15:23 +08:00: > Using external babel configuration
2019-11-04 15:23 +08:00: > Location: "D:\proM\baiduyun\20191024\react-next.js-koa2\.babelrc"
2019-11-04 15:23 +08:00: [ ready ] compiled successfully
2019-11-04 15:23 +08:00: [ wait ]  compiling ...
2019-11-04 15:23 +08:00: > Using external babel configuration
2019-11-04 15:23 +08:00: > Location: "D:\proM\baiduyun\20191024\react-next.js-koa2\.babelrc"
2019-11-04 15:24 +08:00: [ ready ] compiled successfully
2019-11-04 15:24 +08:00: [ wait ]  compiling ...
2019-11-04 15:24 +08:00: > Using external babel configuration
2019-11-04 15:24 +08:00: > Location: "D:\proM\baiduyun\20191024\react-next.js-koa2\.babelrc"
2019-11-04 15:24 +08:00: [ ready ] compiled successfully
2019-11-04 15:24 +08:00: [ wait ]  compiling ...
2019-11-04 15:24 +08:00: > Using external babel configuration
2019-11-04 15:24 +08:00: > Location: "D:\proM\baiduyun\20191024\react-next.js-koa2\.babelrc"
2019-11-04 15:24 +08:00: [ ready ] compiled successfully
2019-11-04 15:24 +08:00: [ wait ]  compiling ...
2019-11-04 15:24 +08:00: > Using external babel configuration
2019-11-04 15:24 +08:00: > Location: "D:\proM\baiduyun\20191024\react-next.js-koa2\.babelrc"
2019-11-04 15:24 +08:00: [ ready ] compiled successfully
2019-11-04 15:24 +08:00: [ wait ]  compiling ...
2019-11-04 15:25 +08:00: > Using external babel configuration
2019-11-04 15:25 +08:00: > Location: "D:\proM\baiduyun\20191024\react-next.js-koa2\.babelrc"
2019-11-04 15:25 +08:00: [ ready ] compiled successfully
2019-11-04 15:25 +08:00: [ wait ]  compiling ...
2019-11-04 15:25 +08:00: > Using external babel configuration
2019-11-04 15:25 +08:00: > Location: "D:\proM\baiduyun\20191024\react-next.js-koa2\.babelrc"
2019-11-04 15:25 +08:00: [ ready ] compiled successfully
2019-11-04 15:25 +08:00: [ wait ]  compiling ...
2019-11-04 15:25 +08:00: > Using external babel configuration
2019-11-04 15:25 +08:00: > Location: "D:\proM\baiduyun\20191024\react-next.js-koa2\.babelrc"
2019-11-04 15:25 +08:00: [ ready ] compiled successfully
2019-11-04 15:25 +08:00: [ wait ]  compiling ...
2019-11-04 15:25 +08:00: > Using external babel configuration
2019-11-04 15:25 +08:00: > Location: "D:\proM\baiduyun\20191024\react-next.js-koa2\.babelrc"
2019-11-04 15:26 +08:00: [ ready ] compiled successfully
2019-11-04 15:26 +08:00: [ wait ]  compiling ...
2019-11-04 15:26 +08:00: > Using external babel configuration
2019-11-04 15:26 +08:00: > Location: "D:\proM\baiduyun\20191024\react-next.js-koa2\.babelrc"
2019-11-04 15:26 +08:00: [ ready ] compiled successfully
2019-11-04 15:26 +08:00: [ wait ]  compiling ...
2019-11-04 15:26 +08:00: > Using external babel configuration
2019-11-04 15:26 +08:00: > Location: "D:\proM\baiduyun\20191024\react-next.js-koa2\.babelrc"
2019-11-04 15:26 +08:00: [ ready ] compiled successfully
2019-11-04 15:26 +08:00: [ wait ]  compiling ...
2019-11-04 15:26 +08:00: > Using external babel configuration
2019-11-04 15:26 +08:00: > Location: "D:\proM\baiduyun\20191024\react-next.js-koa2\.babelrc"
2019-11-04 15:26 +08:00: [ ready ] compiled successfully
2019-11-04 15:26 +08:00: [ wait ]  compiling ...
2019-11-04 15:27 +08:00: > Using external babel configuration
2019-11-04 15:27 +08:00: > Location: "D:\proM\baiduyun\20191024\react-next.js-koa2\.babelrc"
2019-11-04 15:27 +08:00: [ ready ] compiled successfully
2019-11-04 15:27 +08:00: [ wait ]  compiling ...
2019-11-04 15:27 +08:00: > Using external babel configuration
2019-11-04 15:27 +08:00: > Location: "D:\proM\baiduyun\20191024\react-next.js-koa2\.babelrc"
2019-11-04 15:27 +08:00: [ ready ] compiled successfully
2019-11-04 15:27 +08:00: [ wait ]  compiling ...
2019-11-04 15:27 +08:00: > Using external babel configuration
2019-11-04 15:27 +08:00: > Location: "D:\proM\baiduyun\20191024\react-next.js-koa2\.babelrc"
2019-11-04 15:27 +08:00: [ ready ] compiled successfully
2019-11-04 15:27 +08:00: [ wait ]  compiling ...
2019-11-04 15:27 +08:00: > Using external babel configuration
2019-11-04 15:27 +08:00: > Location: "D:\proM\baiduyun\20191024\react-next.js-koa2\.babelrc"
2019-11-04 15:28 +08:00: [ ready ] compiled successfully
2019-11-04 15:28 +08:00: [ wait ]  compiling ...
2019-11-04 15:28 +08:00: > Using external babel configuration
2019-11-04 15:28 +08:00: > Location: "D:\proM\baiduyun\20191024\react-next.js-koa2\.babelrc"
2019-11-04 15:28 +08:00: [ ready ] compiled successfully
2019-11-04 15:28 +08:00: [ wait ]  compiling ...
2019-11-04 15:28 +08:00: > Using external babel configuration
2019-11-04 15:28 +08:00: > Location: "D:\proM\baiduyun\20191024\react-next.js-koa2\.babelrc"
2019-11-04 15:28 +08:00: [ ready ] compiled successfully
2019-11-04 15:28 +08:00: [ wait ]  compiling ...
2019-11-04 15:28 +08:00: > Using external babel configuration
2019-11-04 15:28 +08:00: > Location: "D:\proM\baiduyun\20191024\react-next.js-koa2\.babelrc"
2019-11-04 15:28 +08:00: [ ready ] compiled successfully
2019-11-04 15:28 +08:00: [ wait ]  compiling ...
2019-11-04 15:28 +08:00: > Using external babel configuration
2019-11-04 15:28 +08:00: > Location: "D:\proM\baiduyun\20191024\react-next.js-koa2\.babelrc"
2019-11-04 15:29 +08:00: [ ready ] compiled successfully
2019-11-04 15:29 +08:00: [ wait ]  compiling ...
2019-11-04 15:29 +08:00: > Using external babel configuration
2019-11-04 15:29 +08:00: > Location: "D:\proM\baiduyun\20191024\react-next.js-koa2\.babelrc"
2019-11-04 15:29 +08:00: [ ready ] compiled successfully
2019-11-04 15:29 +08:00: [ wait ]  compiling ...
2019-11-04 15:29 +08:00: > Using external babel configuration
2019-11-04 15:29 +08:00: > Location: "D:\proM\baiduyun\20191024\react-next.js-koa2\.babelrc"
2019-11-04 15:29 +08:00: [ ready ] compiled successfully
2019-11-04 15:29 +08:00: [ wait ]  compiling ...
2019-11-04 15:29 +08:00: > Using external babel configuration
2019-11-04 15:29 +08:00: > Location: "D:\proM\baiduyun\20191024\react-next.js-koa2\.babelrc"
2019-11-04 15:29 +08:00: [ ready ] compiled successfully
2019-11-04 15:29 +08:00: [ wait ]  compiling ...
2019-11-04 15:30 +08:00: > Using external babel configuration
2019-11-04 15:30 +08:00: > Location: "D:\proM\baiduyun\20191024\react-next.js-koa2\.babelrc"
2019-11-04 15:30 +08:00: [ ready ] compiled successfully
2019-11-04 15:30 +08:00: [ wait ]  compiling ...
2019-11-04 15:30 +08:00: > Using external babel configuration
2019-11-04 15:30 +08:00: > Location: "D:\proM\baiduyun\20191024\react-next.js-koa2\.babelrc"
2019-11-04 15:30 +08:00: [ ready ] compiled successfully
2019-11-04 15:30 +08:00: [ wait ]  compiling ...
2019-11-04 15:30 +08:00: > Using external babel configuration
2019-11-04 15:30 +08:00: > Location: "D:\proM\baiduyun\20191024\react-next.js-koa2\.babelrc"
2019-11-04 15:30 +08:00: [ ready ] compiled successfully
2019-11-04 15:30 +08:00: [ wait ]  compiling ...
2019-11-04 15:30 +08:00: > Using external babel configuration
2019-11-04 15:30 +08:00: > Location: "D:\proM\baiduyun\20191024\react-next.js-koa2\.babelrc"
2019-11-04 15:30 +08:00: [ ready ] compiled successfully
2019-11-04 15:30 +08:00: [ wait ]  compiling ...
2019-11-04 15:31 +08:00: > Using external babel configuration
2019-11-04 15:31 +08:00: > Location: "D:\proM\baiduyun\20191024\react-next.js-koa2\.babelrc"
2019-11-04 15:31 +08:00: [ ready ] compiled successfully
2019-11-04 15:31 +08:00: [ wait ]  compiling ...
2019-11-04 15:31 +08:00: > Using external babel configuration
2019-11-04 15:31 +08:00: > Location: "D:\proM\baiduyun\20191024\react-next.js-koa2\.babelrc"
2019-11-04 15:31 +08:00: [ ready ] compiled successfully
2019-11-04 15:31 +08:00: [ wait ]  compiling ...
2019-11-04 15:31 +08:00: > Using external babel configuration
2019-11-04 15:31 +08:00: > Location: "D:\proM\baiduyun\20191024\react-next.js-koa2\.babelrc"
2019-11-04 15:31 +08:00: [ ready ] compiled successfully
2019-11-04 15:31 +08:00: [ wait ]  compiling ...
2019-11-04 15:31 +08:00: > Using external babel configuration
2019-11-04 15:31 +08:00: > Location: "D:\proM\baiduyun\20191024\react-next.js-koa2\.babelrc"
2019-11-04 15:31 +08:00: [ ready ] compiled successfully
2019-11-04 15:31 +08:00: [ wait ]  compiling ...
2019-11-04 15:32 +08:00: > Using external babel configuration
2019-11-04 15:32 +08:00: > Location: "D:\proM\baiduyun\20191024\react-next.js-koa2\.babelrc"
2019-11-04 15:32 +08:00: [ ready ] compiled successfully
2019-11-04 15:32 +08:00: [ wait ]  compiling ...
2019-11-04 15:32 +08:00: > Using external babel configuration
2019-11-04 15:32 +08:00: > Location: "D:\proM\baiduyun\20191024\react-next.js-koa2\.babelrc"
2019-11-04 15:32 +08:00: [ ready ] compiled successfully
2019-11-04 15:32 +08:00: [ wait ]  compiling ...
2019-11-04 15:32 +08:00: > Using external babel configuration
2019-11-04 15:32 +08:00: > Location: "D:\proM\baiduyun\20191024\react-next.js-koa2\.babelrc"
2019-11-04 15:32 +08:00: [ ready ] compiled successfully
2019-11-04 15:32 +08:00: [ wait ]  compiling ...
2019-11-04 15:32 +08:00: > Using external babel configuration
2019-11-04 15:32 +08:00: > Location: "D:\proM\baiduyun\20191024\react-next.js-koa2\.babelrc"
2019-11-04 15:33 +08:00: [ ready ] compiled successfully
2019-11-04 15:33 +08:00: [ wait ]  compiling ...
2019-11-04 15:33 +08:00: > Using external babel configuration
2019-11-04 15:33 +08:00: > Location: "D:\proM\baiduyun\20191024\react-next.js-koa2\.babelrc"
2019-11-04 15:33 +08:00: [ ready ] compiled successfully
2019-11-04 15:33 +08:00: [ wait ]  compiling ...
2019-11-04 15:33 +08:00: > Using external babel configuration
2019-11-04 15:33 +08:00: > Location: "D:\proM\baiduyun\20191024\react-next.js-koa2\.babelrc"
2019-11-04 15:33 +08:00: [ ready ] compiled successfully
2019-11-04 15:33 +08:00: [ wait ]  compiling ...
2019-11-04 15:33 +08:00: > Using external babel configuration
2019-11-04 15:33 +08:00: > Location: "D:\proM\baiduyun\20191024\react-next.js-koa2\.babelrc"
2019-11-04 15:33 +08:00: [ ready ] compiled successfully
2019-11-04 15:33 +08:00: [ wait ]  compiling ...
2019-11-04 15:34 +08:00: > Using external babel configuration
2019-11-04 15:34 +08:00: > Location: "D:\proM\baiduyun\20191024\react-next.js-koa2\.babelrc"
2019-11-04 15:34 +08:00: [ ready ] compiled successfully
2019-11-04 15:34 +08:00: [ wait ]  compiling ...
2019-11-04 15:34 +08:00: > Using external babel configuration
2019-11-04 15:34 +08:00: > Location: "D:\proM\baiduyun\20191024\react-next.js-koa2\.babelrc"
2019-11-04 15:34 +08:00: [ ready ] compiled successfully
2019-11-04 15:34 +08:00: [ wait ]  compiling ...
2019-11-04 15:34 +08:00: > Using external babel configuration
2019-11-04 15:34 +08:00: > Location: "D:\proM\baiduyun\20191024\react-next.js-koa2\.babelrc"
2019-11-04 15:34 +08:00: [ ready ] compiled successfully
2019-11-04 15:34 +08:00: [ wait ]  compiling ...
2019-11-04 15:34 +08:00: > Using external babel configuration
2019-11-04 15:34 +08:00: > Location: "D:\proM\baiduyun\20191024\react-next.js-koa2\.babelrc"
2019-11-04 15:34 +08:00: [ ready ] compiled successfully
2019-11-04 15:34 +08:00: [ wait ]  compiling ...
2019-11-04 15:35 +08:00: > Using external babel configuration
2019-11-04 15:35 +08:00: > Location: "D:\proM\baiduyun\20191024\react-next.js-koa2\.babelrc"
2019-11-04 15:35 +08:00: [ ready ] compiled successfully
2019-11-04 15:35 +08:00: [ wait ]  compiling ...
2019-11-04 15:35 +08:00: > Using external babel configuration
2019-11-04 15:35 +08:00: > Location: "D:\proM\baiduyun\20191024\react-next.js-koa2\.babelrc"
2019-11-04 15:35 +08:00: [ ready ] compiled successfully
2019-11-04 15:35 +08:00: [ wait ]  compiling ...
2019-11-04 15:35 +08:00: > Using external babel configuration
2019-11-04 15:35 +08:00: > Location: "D:\proM\baiduyun\20191024\react-next.js-koa2\.babelrc"
2019-11-04 15:35 +08:00: [ ready ] compiled successfully
2019-11-04 15:35 +08:00: [ wait ]  compiling ...
2019-11-04 15:35 +08:00: > Using external babel configuration
2019-11-04 15:35 +08:00: > Location: "D:\proM\baiduyun\20191024\react-next.js-koa2\.babelrc"
2019-11-04 15:36 +08:00: [ ready ] compiled successfully
2019-11-04 15:36 +08:00: [ wait ]  compiling ...
2019-11-04 15:36 +08:00: > Using external babel configuration
2019-11-04 15:36 +08:00: > Location: "D:\proM\baiduyun\20191024\react-next.js-koa2\.babelrc"
2019-11-04 15:36 +08:00: [ ready ] compiled successfully
2019-11-04 15:36 +08:00: [ wait ]  compiling ...
2019-11-04 15:36 +08:00: > Using external babel configuration
2019-11-04 15:36 +08:00: > Location: "D:\proM\baiduyun\20191024\react-next.js-koa2\.babelrc"
2019-11-04 15:36 +08:00: [ ready ] compiled successfully
2019-11-04 15:36 +08:00: [ wait ]  compiling ...
2019-11-04 15:36 +08:00: > Using external babel configuration
2019-11-04 15:36 +08:00: > Location: "D:\proM\baiduyun\20191024\react-next.js-koa2\.babelrc"
2019-11-04 15:36 +08:00: [ ready ] compiled successfully
2019-11-04 15:36 +08:00: [ wait ]  compiling ...
2019-11-04 15:36 +08:00: > Using external babel configuration
2019-11-04 15:36 +08:00: > Location: "D:\proM\baiduyun\20191024\react-next.js-koa2\.babelrc"
2019-11-04 15:37 +08:00: [ ready ] compiled successfully
2019-11-04 15:37 +08:00: [ wait ]  compiling ...
2019-11-04 15:37 +08:00: > Using external babel configuration
2019-11-04 15:37 +08:00: > Location: "D:\proM\baiduyun\20191024\react-next.js-koa2\.babelrc"
2019-11-04 15:37 +08:00: [ ready ] compiled successfully
2019-11-04 15:37 +08:00: [ wait ]  compiling ...
2019-11-04 15:37 +08:00: > Using external babel configuration
2019-11-04 15:37 +08:00: > Location: "D:\proM\baiduyun\20191024\react-next.js-koa2\.babelrc"
2019-11-04 15:37 +08:00: [ ready ] compiled successfully
2019-11-04 15:37 +08:00: [ wait ]  compiling ...
2019-11-04 15:37 +08:00: > Using external babel configuration
2019-11-04 15:37 +08:00: > Location: "D:\proM\baiduyun\20191024\react-next.js-koa2\.babelrc"
2019-11-04 15:37 +08:00: [ ready ] compiled successfully
2019-11-04 15:37 +08:00: [ wait ]  compiling ...
2019-11-04 15:38 +08:00: > Using external babel configuration
2019-11-04 15:38 +08:00: > Location: "D:\proM\baiduyun\20191024\react-next.js-koa2\.babelrc"
2019-11-04 15:38 +08:00: [ ready ] compiled successfully
2019-11-04 15:38 +08:00: [ wait ]  compiling ...
2019-11-04 15:38 +08:00: > Using external babel configuration
2019-11-04 15:38 +08:00: > Location: "D:\proM\baiduyun\20191024\react-next.js-koa2\.babelrc"
2019-11-04 15:38 +08:00: [ ready ] compiled successfully
2019-11-04 15:38 +08:00: [ wait ]  compiling ...
2019-11-04 15:38 +08:00: > Using external babel configuration
2019-11-04 15:38 +08:00: > Location: "D:\proM\baiduyun\20191024\react-next.js-koa2\.babelrc"
2019-11-04 15:38 +08:00: [ ready ] compiled successfully
2019-11-04 15:38 +08:00: [ wait ]  compiling ...
2019-11-04 15:38 +08:00: > Using external babel configuration
2019-11-04 15:38 +08:00: > Location: "D:\proM\baiduyun\20191024\react-next.js-koa2\.babelrc"
2019-11-04 15:38 +08:00: [ ready ] compiled successfully
2019-11-04 15:38 +08:00: [ wait ]  compiling ...
2019-11-04 15:38 +08:00: > Using external babel configuration
2019-11-04 15:38 +08:00: > Location: "D:\proM\baiduyun\20191024\react-next.js-koa2\.babelrc"
2019-11-04 15:39 +08:00: [ ready ] compiled successfully
2019-11-04 15:39 +08:00: [ wait ]  compiling ...
2019-11-04 15:39 +08:00: > Using external babel configuration
2019-11-04 15:39 +08:00: > Location: "D:\proM\baiduyun\20191024\react-next.js-koa2\.babelrc"
2019-11-04 15:39 +08:00: [ ready ] compiled successfully
2019-11-04 15:39 +08:00: [ wait ]  compiling ...
2019-11-04 15:39 +08:00: > Using external babel configuration
2019-11-04 15:39 +08:00: > Location: "D:\proM\baiduyun\20191024\react-next.js-koa2\.babelrc"
2019-11-04 15:39 +08:00: [ ready ] compiled successfully
2019-11-04 15:39 +08:00: [ wait ]  compiling ...
2019-11-04 15:39 +08:00: > Using external babel configuration
2019-11-04 15:39 +08:00: > Location: "D:\proM\baiduyun\20191024\react-next.js-koa2\.babelrc"
2019-11-04 15:39 +08:00: [ ready ] compiled successfully
2019-11-04 15:39 +08:00: [ wait ]  compiling ...
2019-11-04 15:39 +08:00: > Using external babel configuration
2019-11-04 15:39 +08:00: > Location: "D:\proM\baiduyun\20191024\react-next.js-koa2\.babelrc"
2019-11-04 15:40 +08:00: [ ready ] compiled successfully
2019-11-04 15:40 +08:00: [ wait ]  compiling ...
2019-11-04 15:40 +08:00: > Using external babel configuration
2019-11-04 15:40 +08:00: > Location: "D:\proM\baiduyun\20191024\react-next.js-koa2\.babelrc"
2019-11-04 15:40 +08:00: [ ready ] compiled successfully
2019-11-04 15:40 +08:00: [ wait ]  compiling ...
2019-11-04 15:40 +08:00: > Using external babel configuration
2019-11-04 15:40 +08:00: > Location: "D:\proM\baiduyun\20191024\react-next.js-koa2\.babelrc"
2019-11-04 15:40 +08:00: [ ready ] compiled successfully
2019-11-04 15:40 +08:00: [ wait ]  compiling ...
2019-11-04 15:40 +08:00: > Using external babel configuration
2019-11-04 15:40 +08:00: > Location: "D:\proM\baiduyun\20191024\react-next.js-koa2\.babelrc"
2019-11-04 15:40 +08:00: [ ready ] compiled successfully
2019-11-04 15:40 +08:00: [ wait ]  compiling ...
2019-11-04 15:40 +08:00: > Using external babel configuration
2019-11-04 15:40 +08:00: > Location: "D:\proM\baiduyun\20191024\react-next.js-koa2\.babelrc"
2019-11-04 15:40 +08:00: [ ready ] compiled successfully
2019-11-04 15:40 +08:00: [ wait ]  compiling ...
2019-11-04 15:41 +08:00: > Using external babel configuration
2019-11-04 15:41 +08:00: > Location: "D:\proM\baiduyun\20191024\react-next.js-koa2\.babelrc"
2019-11-04 15:41 +08:00: [ ready ] compiled successfully
2019-11-04 15:41 +08:00: [ wait ]  compiling ...
2019-11-04 15:41 +08:00: > Using external babel configuration
2019-11-04 15:41 +08:00: > Location: "D:\proM\baiduyun\20191024\react-next.js-koa2\.babelrc"
2019-11-04 15:41 +08:00: [ ready ] compiled successfully
2019-11-04 15:41 +08:00: [ wait ]  compiling ...
2019-11-04 15:41 +08:00: > Using external babel configuration
2019-11-04 15:41 +08:00: > Location: "D:\proM\baiduyun\20191024\react-next.js-koa2\.babelrc"
2019-11-04 15:41 +08:00: [ ready ] compiled successfully
2019-11-04 15:41 +08:00: [ wait ]  compiling ...
2019-11-04 15:41 +08:00: > Using external babel configuration
2019-11-04 15:41 +08:00: > Location: "D:\proM\baiduyun\20191024\react-next.js-koa2\.babelrc"
2019-11-04 15:41 +08:00: [ ready ] compiled successfully
2019-11-04 15:41 +08:00: [ wait ]  compiling ...
2019-11-04 15:42 +08:00: > Using external babel configuration
2019-11-04 15:42 +08:00: > Location: "D:\proM\baiduyun\20191024\react-next.js-koa2\.babelrc"
2019-11-04 15:42 +08:00: [ ready ] compiled successfully
2019-11-04 15:42 +08:00: [ wait ]  compiling ...
2019-11-04 15:42 +08:00: > Using external babel configuration
2019-11-04 15:42 +08:00: > Location: "D:\proM\baiduyun\20191024\react-next.js-koa2\.babelrc"
2019-11-04 15:42 +08:00: [ ready ] compiled successfully
2019-11-04 15:42 +08:00: [ wait ]  compiling ...
2019-11-04 15:42 +08:00: > Using external babel configuration
2019-11-04 15:42 +08:00: > Location: "D:\proM\baiduyun\20191024\react-next.js-koa2\.babelrc"
2019-11-04 15:42 +08:00: [ ready ] compiled successfully
2019-11-04 15:42 +08:00: [ wait ]  compiling ...
2019-11-04 15:42 +08:00: > Using external babel configuration
2019-11-04 15:42 +08:00: > Location: "D:\proM\baiduyun\20191024\react-next.js-koa2\.babelrc"
2019-11-04 15:42 +08:00: [ ready ] compiled successfully
2019-11-04 15:42 +08:00: [ wait ]  compiling ...
2019-11-04 15:43 +08:00: > Using external babel configuration
2019-11-04 15:43 +08:00: > Location: "D:\proM\baiduyun\20191024\react-next.js-koa2\.babelrc"
2019-11-04 15:43 +08:00: [ ready ] compiled successfully
2019-11-04 15:43 +08:00: [ wait ]  compiling ...
2019-11-04 15:43 +08:00: > Using external babel configuration
2019-11-04 15:43 +08:00: > Location: "D:\proM\baiduyun\20191024\react-next.js-koa2\.babelrc"
2019-11-04 15:43 +08:00: [ ready ] compiled successfully
2019-11-04 15:43 +08:00: [ wait ]  compiling ...
2019-11-04 15:43 +08:00: > Using external babel configuration
2019-11-04 15:43 +08:00: > Location: "D:\proM\baiduyun\20191024\react-next.js-koa2\.babelrc"
2019-11-04 15:43 +08:00: [ ready ] compiled successfully
2019-11-04 15:43 +08:00: [ wait ]  compiling ...
2019-11-04 15:43 +08:00: > Using external babel configuration
2019-11-04 15:43 +08:00: > Location: "D:\proM\baiduyun\20191024\react-next.js-koa2\.babelrc"
2019-11-04 15:43 +08:00: [ ready ] compiled successfully
2019-11-04 15:43 +08:00: [ wait ]  compiling ...
2019-11-04 15:44 +08:00: > Using external babel configuration
2019-11-04 15:44 +08:00: > Location: "D:\proM\baiduyun\20191024\react-next.js-koa2\.babelrc"
2019-11-04 15:44 +08:00: [ ready ] compiled successfully
2019-11-04 15:44 +08:00: [ wait ]  compiling ...
2019-11-04 15:44 +08:00: > Using external babel configuration
2019-11-04 15:44 +08:00: > Location: "D:\proM\baiduyun\20191024\react-next.js-koa2\.babelrc"
2019-11-04 15:44 +08:00: [ ready ] compiled successfully
2019-11-04 15:44 +08:00: [ wait ]  compiling ...
2019-11-04 15:44 +08:00: > Using external babel configuration
2019-11-04 15:44 +08:00: > Location: "D:\proM\baiduyun\20191024\react-next.js-koa2\.babelrc"
2019-11-04 15:44 +08:00: [ ready ] compiled successfully
2019-11-04 15:44 +08:00: [ wait ]  compiling ...
2019-11-04 15:44 +08:00: > Using external babel configuration
2019-11-04 15:44 +08:00: > Location: "D:\proM\baiduyun\20191024\react-next.js-koa2\.babelrc"
2019-11-04 15:44 +08:00: [ ready ] compiled successfully
2019-11-04 15:44 +08:00: [ wait ]  compiling ...
2019-11-04 15:45 +08:00: > Using external babel configuration
2019-11-04 15:45 +08:00: > Location: "D:\proM\baiduyun\20191024\react-next.js-koa2\.babelrc"
2019-11-04 15:45 +08:00: [ ready ] compiled successfully
2019-11-04 15:45 +08:00: [ wait ]  compiling ...
2019-11-04 15:45 +08:00: > Using external babel configuration
2019-11-04 15:45 +08:00: > Location: "D:\proM\baiduyun\20191024\react-next.js-koa2\.babelrc"
2019-11-04 15:45 +08:00: [ ready ] compiled successfully
2019-11-04 15:45 +08:00: [ wait ]  compiling ...
2019-11-04 15:45 +08:00: > Using external babel configuration
2019-11-04 15:45 +08:00: > Location: "D:\proM\baiduyun\20191024\react-next.js-koa2\.babelrc"
2019-11-04 15:45 +08:00: [ ready ] compiled successfully
2019-11-04 15:45 +08:00: [ wait ]  compiling ...
2019-11-04 15:45 +08:00: > Using external babel configuration
2019-11-04 15:45 +08:00: > Location: "D:\proM\baiduyun\20191024\react-next.js-koa2\.babelrc"
2019-11-04 15:45 +08:00: [ ready ] compiled successfully
2019-11-04 15:45 +08:00: [ wait ]  compiling ...
2019-11-04 15:46 +08:00: > Using external babel configuration
2019-11-04 15:46 +08:00: > Location: "D:\proM\baiduyun\20191024\react-next.js-koa2\.babelrc"
2019-11-04 15:46 +08:00: [ ready ] compiled successfully
2019-11-04 15:46 +08:00: [ wait ]  compiling ...
2019-11-04 15:46 +08:00: > Using external babel configuration
2019-11-04 15:46 +08:00: > Location: "D:\proM\baiduyun\20191024\react-next.js-koa2\.babelrc"
2019-11-04 15:46 +08:00: [ ready ] compiled successfully
2019-11-04 15:46 +08:00: [ wait ]  compiling ...
2019-11-04 15:46 +08:00: > Using external babel configuration
2019-11-04 15:46 +08:00: > Location: "D:\proM\baiduyun\20191024\react-next.js-koa2\.babelrc"
2019-11-04 15:46 +08:00: [ ready ] compiled successfully
2019-11-04 15:46 +08:00: [ wait ]  compiling ...
2019-11-04 15:46 +08:00: > Using external babel configuration
2019-11-04 15:46 +08:00: > Location: "D:\proM\baiduyun\20191024\react-next.js-koa2\.babelrc"
2019-11-04 15:46 +08:00: [ ready ] compiled successfully
2019-11-04 15:46 +08:00: [ wait ]  compiling ...
2019-11-04 15:47 +08:00: > Using external babel configuration
2019-11-04 15:47 +08:00: > Location: "D:\proM\baiduyun\20191024\react-next.js-koa2\.babelrc"
2019-11-04 15:47 +08:00: [ ready ] compiled successfully
2019-11-04 15:47 +08:00: [ wait ]  compiling ...
2019-11-04 15:47 +08:00: > Using external babel configuration
2019-11-04 15:47 +08:00: > Location: "D:\proM\baiduyun\20191024\react-next.js-koa2\.babelrc"
2019-11-04 15:47 +08:00: [ ready ] compiled successfully
2019-11-04 15:47 +08:00: [ wait ]  compiling ...
2019-11-04 15:47 +08:00: > Using external babel configuration
2019-11-04 15:47 +08:00: > Location: "D:\proM\baiduyun\20191024\react-next.js-koa2\.babelrc"
2019-11-04 15:47 +08:00: [ ready ] compiled successfully
2019-11-04 15:47 +08:00: [ wait ]  compiling ...
2019-11-04 15:48 +08:00: > Using external babel configuration
2019-11-04 15:48 +08:00: > Location: "D:\proM\baiduyun\20191024\react-next.js-koa2\.babelrc"
2019-11-04 15:48 +08:00: [ ready ] compiled successfully
2019-11-04 15:48 +08:00: [ wait ]  compiling ...
2019-11-04 15:48 +08:00: > Using external babel configuration
2019-11-04 15:48 +08:00: > Location: "D:\proM\baiduyun\20191024\react-next.js-koa2\.babelrc"
2019-11-04 15:48 +08:00: [ ready ] compiled successfully
2019-11-04 15:48 +08:00: [ wait ]  compiling ...
2019-11-04 15:48 +08:00: > Using external babel configuration
2019-11-04 15:48 +08:00: > Location: "D:\proM\baiduyun\20191024\react-next.js-koa2\.babelrc"
2019-11-04 15:48 +08:00: [ ready ] compiled successfully
2019-11-04 15:48 +08:00: [ wait ]  compiling ...
2019-11-04 15:49 +08:00: > Using external babel configuration
2019-11-04 15:49 +08:00: > Location: "D:\proM\baiduyun\20191024\react-next.js-koa2\.babelrc"
2019-11-04 15:49 +08:00: [ ready ] compiled successfully
2019-11-04 15:49 +08:00: [ wait ]  compiling ...
2019-11-04 15:49 +08:00: > Using external babel configuration
2019-11-04 15:49 +08:00: > Location: "D:\proM\baiduyun\20191024\react-next.js-koa2\.babelrc"
2019-11-04 15:49 +08:00: [ ready ] compiled successfully
2019-11-04 15:49 +08:00: [ wait ]  compiling ...
2019-11-04 15:49 +08:00: > Using external babel configuration
2019-11-04 15:49 +08:00: > Location: "D:\proM\baiduyun\20191024\react-next.js-koa2\.babelrc"
2019-11-04 15:49 +08:00: [ ready ] compiled successfully
2019-11-04 15:49 +08:00: [ wait ]  compiling ...
2019-11-04 15:49 +08:00: > Using external babel configuration
2019-11-04 15:49 +08:00: > Location: "D:\proM\baiduyun\20191024\react-next.js-koa2\.babelrc"
2019-11-04 15:50 +08:00: [ ready ] compiled successfully
2019-11-04 15:50 +08:00: [ wait ]  compiling ...
2019-11-04 15:50 +08:00: > Using external babel configuration
2019-11-04 15:50 +08:00: > Location: "D:\proM\baiduyun\20191024\react-next.js-koa2\.babelrc"
2019-11-04 15:50 +08:00: [ ready ] compiled successfully
2019-11-04 15:50 +08:00: [ wait ]  compiling ...
2019-11-04 15:50 +08:00: > Using external babel configuration
2019-11-04 15:50 +08:00: > Location: "D:\proM\baiduyun\20191024\react-next.js-koa2\.babelrc"
2019-11-04 15:50 +08:00: [ ready ] compiled successfully
2019-11-04 15:50 +08:00: [ wait ]  compiling ...
2019-11-04 15:50 +08:00: > Using external babel configuration
2019-11-04 15:50 +08:00: > Location: "D:\proM\baiduyun\20191024\react-next.js-koa2\.babelrc"
2019-11-04 15:50 +08:00: [ ready ] compiled successfully
2019-11-04 15:50 +08:00: [ wait ]  compiling ...
2019-11-04 15:50 +08:00: > Using external babel configuration
2019-11-04 15:50 +08:00: > Location: "D:\proM\baiduyun\20191024\react-next.js-koa2\.babelrc"
2019-11-04 15:51 +08:00: [ ready ] compiled successfully
2019-11-04 15:51 +08:00: [ wait ]  compiling ...
2019-11-04 15:51 +08:00: > Using external babel configuration
2019-11-04 15:51 +08:00: > Location: "D:\proM\baiduyun\20191024\react-next.js-koa2\.babelrc"
2019-11-04 15:51 +08:00: [ ready ] compiled successfully
2019-11-04 15:51 +08:00: [ wait ]  compiling ...
2019-11-04 15:51 +08:00: > Using external babel configuration
2019-11-04 15:51 +08:00: > Location: "D:\proM\baiduyun\20191024\react-next.js-koa2\.babelrc"
2019-11-04 15:51 +08:00: [ ready ] compiled successfully
2019-11-04 15:51 +08:00: [ wait ]  compiling ...
2019-11-04 15:51 +08:00: > Using external babel configuration
2019-11-04 15:51 +08:00: > Location: "D:\proM\baiduyun\20191024\react-next.js-koa2\.babelrc"
2019-11-04 15:51 +08:00: [ ready ] compiled successfully
2019-11-04 15:51 +08:00: [ wait ]  compiling ...
2019-11-04 15:52 +08:00: > Using external babel configuration
2019-11-04 15:52 +08:00: > Location: "D:\proM\baiduyun\20191024\react-next.js-koa2\.babelrc"
2019-11-04 15:52 +08:00: [ ready ] compiled successfully
2019-11-04 15:52 +08:00: [ wait ]  compiling ...
2019-11-04 15:52 +08:00: > Using external babel configuration
2019-11-04 15:52 +08:00: > Location: "D:\proM\baiduyun\20191024\react-next.js-koa2\.babelrc"
2019-11-04 15:52 +08:00: [ ready ] compiled successfully
2019-11-04 15:52 +08:00: [ wait ]  compiling ...
2019-11-04 15:52 +08:00: > Using external babel configuration
2019-11-04 15:52 +08:00: > Location: "D:\proM\baiduyun\20191024\react-next.js-koa2\.babelrc"
2019-11-04 15:52 +08:00: [ ready ] compiled successfully
2019-11-04 15:52 +08:00: [ wait ]  compiling ...
2019-11-04 15:52 +08:00: [ ready ] compiled successfully
2019-11-04 16:03 +08:00: > Using external babel configuration
2019-11-04 16:03 +08:00: > Location: "D:\proM\baiduyun\20191024\react-next.js-koa2\.babelrc"
2019-11-04 16:03 +08:00: [ ready ] compiled successfully
2019-11-04 16:03 +08:00: [ wait ]  compiling ...
2019-11-04 16:03 +08:00: [ ready ] compiled successfully
2019-11-04 16:19 +08:00: [ event ] build page: /
2019-11-04 16:19 +08:00: [ wait ]  compiling ...
2019-11-04 16:19 +08:00: [ ready ] compiled successfully
2019-11-04 16:19 +08:00: [ wait ]  compiling ...
2019-11-04 16:19 +08:00: app init
2019-11-04 16:19 +08:00: [ ready ] compiled successfully
